<?xml version="1.0" encoding="UTF-8" standalone="no"?>
<!DOCTYPE log SYSTEM "logger.dtd">
<log>
<record>
  <date>2022-06-23T06:25:18.747299100Z</date>
  <millis>1655965518747</millis>
  <nanos>299100</nanos>
  <sequence>0</sequence>
  <logger>global</logger>
  <level>INFO</level>
  <class>dev.examsmanagement.Log</class>
  <method>info</method>
  <thread>18</thread>
  <message>Creating New sqlite Database Connection </message>
</record>
<record>
  <date>2022-06-23T06:26:30.946438500Z</date>
  <millis>1655965590946</millis>
  <nanos>438500</nanos>
  <sequence>2</sequence>
  <logger>global</logger>
  <level>INFO</level>
  <class>dev.examsmanagement.Log</class>
  <method>info</method>
  <thread>18</thread>
  <message>Closing Database Connection</message>
</record>
<record>
  <date>2022-06-23T06:26:30.946438500Z</date>
  <millis>1655965590946</millis>
  <nanos>438500</nanos>
  <sequence>2</sequence>
  <logger>global</logger>
  <level>INFO</level>
  <class>dev.examsmanagement.Log</class>
  <method>info</method>
  <thread>18</thread>
  <message>Closing Database Connection</message>
</record>
<record>
  <date>2022-06-23T06:26:30.946438500Z</date>
  <millis>1655965590946</millis>
  <nanos>438500</nanos>
  <sequence>2</sequence>
  <logger>global</logger>
  <level>INFO</level>
  <class>dev.examsmanagement.Log</class>
  <method>info</method>
  <thread>18</thread>
  <message>Closing Database Connection</message>
</record>
</log>
<?xml version="1.0" encoding="UTF-8" standalone="no"?>
<!DOCTYPE log SYSTEM "logger.dtd">
<log>
<record>
  <date>2022-06-23T06:35:32.625003200Z</date>
  <millis>1655966132625</millis>
  <nanos>3200</nanos>
  <sequence>0</sequence>
  <logger>global</logger>
  <level>INFO</level>
  <class>dev.examsmanagement.Log</class>
  <method>info</method>
  <thread>18</thread>
  <message>Creating New sqlite Database Connection </message>
</record>
<record>
  <date>2022-06-23T06:35:38.790371600Z</date>
  <millis>1655966138790</millis>
  <nanos>371600</nanos>
  <sequence>1</sequence>
  <logger>global</logger>
  <level>INFO</level>
  <class>dev.examsmanagement.Log</class>
  <method>info</method>
  <thread>18</thread>
  <message>Closing Database Connection</message>
</record>
<record>
  <date>2022-06-23T06:35:38.790371600Z</date>
  <millis>1655966138790</millis>
  <nanos>371600</nanos>
  <sequence>1</sequence>
  <logger>global</logger>
  <level>INFO</level>
  <class>dev.examsmanagement.Log</class>
  <method>info</method>
  <thread>18</thread>
  <message>Closing Database Connection</message>
</record>
<record>
  <date>2022-06-23T06:35:38.790371600Z</date>
  <millis>1655966138790</millis>
  <nanos>371600</nanos>
  <sequence>1</sequence>
  <logger>global</logger>
  <level>INFO</level>
  <class>dev.examsmanagement.Log</class>
  <method>info</method>
  <thread>18</thread>
  <message>Closing Database Connection</message>
</record>
</log>
<?xml version="1.0" encoding="UTF-8" standalone="no"?>
<!DOCTYPE log SYSTEM "logger.dtd">
<log>
<record>
  <date>2022-06-23T06:41:55.896975200Z</date>
  <millis>1655966515896</millis>
  <nanos>975200</nanos>
  <sequence>0</sequence>
  <logger>global</logger>
  <level>INFO</level>
  <class>dev.examsmanagement.Log</class>
  <method>info</method>
  <thread>18</thread>
  <message>Creating New sqlite Database Connection </message>
</record>
<record>
  <date>2022-06-23T06:42:14.492697Z</date>
  <millis>1655966534492</millis>
  <nanos>697000</nanos>
  <sequence>1</sequence>
  <logger>global</logger>
  <level>INFO</level>
  <class>dev.examsmanagement.Log</class>
  <method>info</method>
  <thread>18</thread>
  <message>Closing Database Connection</message>
</record>
<record>
  <date>2022-06-23T06:42:14.492697Z</date>
  <millis>1655966534492</millis>
  <nanos>697000</nanos>
  <sequence>1</sequence>
  <logger>global</logger>
  <level>INFO</level>
  <class>dev.examsmanagement.Log</class>
  <method>info</method>
  <thread>18</thread>
  <message>Closing Database Connection</message>
</record>
<record>
  <date>2022-06-23T06:42:14.492697Z</date>
  <millis>1655966534492</millis>
  <nanos>697000</nanos>
  <sequence>1</sequence>
  <logger>global</logger>
  <level>INFO</level>
  <class>dev.examsmanagement.Log</class>
  <method>info</method>
  <thread>18</thread>
  <message>Closing Database Connection</message>
</record>
</log>
<?xml version="1.0" encoding="UTF-8" standalone="no"?>
<!DOCTYPE log SYSTEM "logger.dtd">
<log>
<record>
  <date>2022-06-23T06:47:15.702387600Z</date>
  <millis>1655966835702</millis>
  <nanos>387600</nanos>
  <sequence>0</sequence>
  <logger>global</logger>
  <level>INFO</level>
  <class>dev.examsmanagement.Log</class>
  <method>info</method>
  <thread>18</thread>
  <message>Creating New sqlite Database Connection </message>
</record>
<record>
  <date>2022-06-23T06:47:26.990718400Z</date>
  <millis>1655966846990</millis>
  <nanos>718400</nanos>
  <sequence>1</sequence>
  <logger>global</logger>
  <level>INFO</level>
  <class>dev.examsmanagement.Log</class>
  <method>info</method>
  <thread>18</thread>
  <message>Closing Database Connection</message>
</record>
<record>
  <date>2022-06-23T06:47:26.990718400Z</date>
  <millis>1655966846990</millis>
  <nanos>718400</nanos>
  <sequence>1</sequence>
  <logger>global</logger>
  <level>INFO</level>
  <class>dev.examsmanagement.Log</class>
  <method>info</method>
  <thread>18</thread>
  <message>Closing Database Connection</message>
</record>
<record>
  <date>2022-06-23T06:47:26.990718400Z</date>
  <millis>1655966846990</millis>
  <nanos>718400</nanos>
  <sequence>1</sequence>
  <logger>global</logger>
  <level>INFO</level>
  <class>dev.examsmanagement.Log</class>
  <method>info</method>
  <thread>18</thread>
  <message>Closing Database Connection</message>
</record>
</log>
<?xml version="1.0" encoding="UTF-8" standalone="no"?>
<!DOCTYPE log SYSTEM "logger.dtd">
<log>
<record>
  <date>2022-06-23T06:50:56.423238600Z</date>
  <millis>1655967056423</millis>
  <nanos>238600</nanos>
  <sequence>0</sequence>
  <logger>global</logger>
  <level>INFO</level>
  <class>dev.examsmanagement.Log</class>
  <method>info</method>
  <thread>18</thread>
  <message>Creating New sqlite Database Connection </message>
</record>
<record>
  <date>2022-06-23T06:51:08.564192200Z</date>
  <millis>1655967068564</millis>
  <nanos>192200</nanos>
  <sequence>1</sequence>
  <logger>global</logger>
  <level>INFO</level>
  <class>dev.examsmanagement.Log</class>
  <method>info</method>
  <thread>18</thread>
  <message>Closing Database Connection</message>
</record>
<record>
  <date>2022-06-23T06:51:08.564192200Z</date>
  <millis>1655967068564</millis>
  <nanos>192200</nanos>
  <sequence>1</sequence>
  <logger>global</logger>
  <level>INFO</level>
  <class>dev.examsmanagement.Log</class>
  <method>info</method>
  <thread>18</thread>
  <message>Closing Database Connection</message>
</record>
<record>
  <date>2022-06-23T06:51:08.564192200Z</date>
  <millis>1655967068564</millis>
  <nanos>192200</nanos>
  <sequence>1</sequence>
  <logger>global</logger>
  <level>INFO</level>
  <class>dev.examsmanagement.Log</class>
  <method>info</method>
  <thread>18</thread>
  <message>Closing Database Connection</message>
</record>
</log>
<?xml version="1.0" encoding="UTF-8" standalone="no"?>
<!DOCTYPE log SYSTEM "logger.dtd">
<log>
<record>
  <date>2022-06-23T06:52:10.474468800Z</date>
  <millis>1655967130474</millis>
  <nanos>468800</nanos>
  <sequence>0</sequence>
  <logger>global</logger>
  <level>INFO</level>
  <class>dev.examsmanagement.Log</class>
  <method>info</method>
  <thread>18</thread>
  <message>Creating New sqlite Database Connection </message>
</record>
<record>
  <date>2022-06-23T06:52:22.643538100Z</date>
  <millis>1655967142643</millis>
  <nanos>538100</nanos>
  <sequence>1</sequence>
  <logger>global</logger>
  <level>INFO</level>
  <class>dev.examsmanagement.Log</class>
  <method>info</method>
  <thread>18</thread>
  <message>Closing Database Connection</message>
</record>
<record>
  <date>2022-06-23T06:52:22.643538100Z</date>
  <millis>1655967142643</millis>
  <nanos>538100</nanos>
  <sequence>1</sequence>
  <logger>global</logger>
  <level>INFO</level>
  <class>dev.examsmanagement.Log</class>
  <method>info</method>
  <thread>18</thread>
  <message>Closing Database Connection</message>
</record>
<record>
  <date>2022-06-23T06:52:22.643538100Z</date>
  <millis>1655967142643</millis>
  <nanos>538100</nanos>
  <sequence>1</sequence>
  <logger>global</logger>
  <level>INFO</level>
  <class>dev.examsmanagement.Log</class>
  <method>info</method>
  <thread>18</thread>
  <message>Closing Database Connection</message>
</record>
</log>
<?xml version="1.0" encoding="UTF-8" standalone="no"?>
<!DOCTYPE log SYSTEM "logger.dtd">
<log>
<record>
  <date>2022-06-23T06:54:02.021238400Z</date>
  <millis>1655967242021</millis>
  <nanos>238400</nanos>
  <sequence>0</sequence>
  <logger>global</logger>
  <level>INFO</level>
  <class>dev.examsmanagement.Log</class>
  <method>info</method>
  <thread>18</thread>
  <message>Creating New sqlite Database Connection </message>
</record>
<record>
  <date>2022-06-23T06:54:21.372255800Z</date>
  <millis>1655967261372</millis>
  <nanos>255800</nanos>
  <sequence>1</sequence>
  <logger>global</logger>
  <level>INFO</level>
  <class>dev.examsmanagement.Log</class>
  <method>info</method>
  <thread>18</thread>
  <message>Closing Database Connection</message>
</record>
<record>
  <date>2022-06-23T06:54:21.372255800Z</date>
  <millis>1655967261372</millis>
  <nanos>255800</nanos>
  <sequence>1</sequence>
  <logger>global</logger>
  <level>INFO</level>
  <class>dev.examsmanagement.Log</class>
  <method>info</method>
  <thread>18</thread>
  <message>Closing Database Connection</message>
</record>
<record>
  <date>2022-06-23T06:54:21.372255800Z</date>
  <millis>1655967261372</millis>
  <nanos>255800</nanos>
  <sequence>1</sequence>
  <logger>global</logger>
  <level>INFO</level>
  <class>dev.examsmanagement.Log</class>
  <method>info</method>
  <thread>18</thread>
  <message>Closing Database Connection</message>
</record>
</log>
<?xml version="1.0" encoding="UTF-8" standalone="no"?>
<!DOCTYPE log SYSTEM "logger.dtd">
<log>
<record>
  <date>2022-06-23T07:02:28.609521700Z</date>
  <millis>1655967748609</millis>
  <nanos>521700</nanos>
  <sequence>0</sequence>
  <logger>global</logger>
  <level>INFO</level>
  <class>dev.examsmanagement.Log</class>
  <method>info</method>
  <thread>18</thread>
  <message>Creating New sqlite Database Connection </message>
</record>
<record>
  <date>2022-06-23T07:03:05.070276300Z</date>
  <millis>1655967785070</millis>
  <nanos>276300</nanos>
  <sequence>2</sequence>
  <logger>global</logger>
  <level>INFO</level>
  <class>dev.examsmanagement.Log</class>
  <method>info</method>
  <thread>18</thread>
  <message>Closing Database Connection</message>
</record>
<record>
  <date>2022-06-23T07:03:05.070276300Z</date>
  <millis>1655967785070</millis>
  <nanos>276300</nanos>
  <sequence>2</sequence>
  <logger>global</logger>
  <level>INFO</level>
  <class>dev.examsmanagement.Log</class>
  <method>info</method>
  <thread>18</thread>
  <message>Closing Database Connection</message>
</record>
<record>
  <date>2022-06-23T07:03:05.070276300Z</date>
  <millis>1655967785070</millis>
  <nanos>276300</nanos>
  <sequence>2</sequence>
  <logger>global</logger>
  <level>INFO</level>
  <class>dev.examsmanagement.Log</class>
  <method>info</method>
  <thread>18</thread>
  <message>Closing Database Connection</message>
</record>
</log>
<?xml version="1.0" encoding="UTF-8" standalone="no"?>
<!DOCTYPE log SYSTEM "logger.dtd">
<log>
<record>
  <date>2022-06-23T07:04:40.886802600Z</date>
  <millis>1655967880886</millis>
  <nanos>802600</nanos>
  <sequence>0</sequence>
  <logger>global</logger>
  <level>INFO</level>
  <class>dev.examsmanagement.Log</class>
  <method>info</method>
  <thread>18</thread>
  <message>Creating New sqlite Database Connection </message>
</record>
<record>
  <date>2022-06-23T07:05:39.097235Z</date>
  <millis>1655967939097</millis>
  <nanos>235000</nanos>
  <sequence>3</sequence>
  <logger>global</logger>
  <level>INFO</level>
  <class>dev.examsmanagement.Log</class>
  <method>info</method>
  <thread>18</thread>
  <message>Courses table creation failed</message>
</record>
<record>
  <date>2022-06-23T07:05:39.097235Z</date>
  <millis>1655967939097</millis>
  <nanos>235000</nanos>
  <sequence>3</sequence>
  <logger>global</logger>
  <level>INFO</level>
  <class>dev.examsmanagement.Log</class>
  <method>info</method>
  <thread>18</thread>
  <message>Courses table creation failed</message>
</record>
<record>
  <date>2022-06-23T07:05:39.097235Z</date>
  <millis>1655967939097</millis>
  <nanos>235000</nanos>
  <sequence>3</sequence>
  <logger>global</logger>
  <level>INFO</level>
  <class>dev.examsmanagement.Log</class>
  <method>info</method>
  <thread>18</thread>
  <message>Courses table creation failed</message>
</record>
<record>
  <date>2022-06-23T07:05:39.234369400Z</date>
  <millis>1655967939234</millis>
  <nanos>369400</nanos>
  <sequence>4</sequence>
  <logger>global</logger>
  <level>INFO</level>
  <class>dev.examsmanagement.Log</class>
  <method>info</method>
  <thread>18</thread>
  <message>New course added</message>
</record>
<record>
  <date>2022-06-23T07:05:39.234369400Z</date>
  <millis>1655967939234</millis>
  <nanos>369400</nanos>
  <sequence>4</sequence>
  <logger>global</logger>
  <level>INFO</level>
  <class>dev.examsmanagement.Log</class>
  <method>info</method>
  <thread>18</thread>
  <message>New course added</message>
</record>
<record>
  <date>2022-06-23T07:05:39.234369400Z</date>
  <millis>1655967939234</millis>
  <nanos>369400</nanos>
  <sequence>4</sequence>
  <logger>global</logger>
  <level>INFO</level>
  <class>dev.examsmanagement.Log</class>
  <method>info</method>
  <thread>18</thread>
  <message>New course added</message>
</record>
<record>
  <date>2022-06-23T07:05:39.234369400Z</date>
  <millis>1655967939234</millis>
  <nanos>369400</nanos>
  <sequence>4</sequence>
  <logger>global</logger>
  <level>INFO</level>
  <class>dev.examsmanagement.Log</class>
  <method>info</method>
  <thread>18</thread>
  <message>New course added</message>
</record>
<record>
  <date>2022-06-23T07:05:44.182282300Z</date>
  <millis>1655967944182</millis>
  <nanos>282300</nanos>
  <sequence>5</sequence>
  <logger>global</logger>
  <level>INFO</level>
  <class>dev.examsmanagement.Log</class>
  <method>info</method>
  <thread>18</thread>
  <message>Course Student added</message>
</record>
<record>
  <date>2022-06-23T07:05:44.182282300Z</date>
  <millis>1655967944182</millis>
  <nanos>282300</nanos>
  <sequence>5</sequence>
  <logger>global</logger>
  <level>INFO</level>
  <class>dev.examsmanagement.Log</class>
  <method>info</method>
  <thread>18</thread>
  <message>Course Student added</message>
</record>
<record>
  <date>2022-06-23T07:05:44.182282300Z</date>
  <millis>1655967944182</millis>
  <nanos>282300</nanos>
  <sequence>5</sequence>
  <logger>global</logger>
  <level>INFO</level>
  <class>dev.examsmanagement.Log</class>
  <method>info</method>
  <thread>18</thread>
  <message>Course Student added</message>
</record>
<record>
  <date>2022-06-23T07:05:44.182282300Z</date>
  <millis>1655967944182</millis>
  <nanos>282300</nanos>
  <sequence>5</sequence>
  <logger>global</logger>
  <level>INFO</level>
  <class>dev.examsmanagement.Log</class>
  <method>info</method>
  <thread>18</thread>
  <message>Course Student added</message>
</record>
<record>
  <date>2022-06-23T07:05:44.182282300Z</date>
  <millis>1655967944182</millis>
  <nanos>282300</nanos>
  <sequence>5</sequence>
  <logger>global</logger>
  <level>INFO</level>
  <class>dev.examsmanagement.Log</class>
  <method>info</method>
  <thread>18</thread>
  <message>Course Student added</message>
</record>
<record>
  <date>2022-06-23T07:06:17.601858800Z</date>
  <millis>1655967977601</millis>
  <nanos>858800</nanos>
  <sequence>6</sequence>
  <logger>global</logger>
  <level>INFO</level>
  <class>dev.examsmanagement.Log</class>
  <method>info</method>
  <thread>18</thread>
  <message>New test added</message>
</record>
<record>
  <date>2022-06-23T07:06:17.601858800Z</date>
  <millis>1655967977601</millis>
  <nanos>858800</nanos>
  <sequence>6</sequence>
  <logger>global</logger>
  <level>INFO</level>
  <class>dev.examsmanagement.Log</class>
  <method>info</method>
  <thread>18</thread>
  <message>New test added</message>
</record>
<record>
  <date>2022-06-23T07:06:17.601858800Z</date>
  <millis>1655967977601</millis>
  <nanos>858800</nanos>
  <sequence>6</sequence>
  <logger>global</logger>
  <level>INFO</level>
  <class>dev.examsmanagement.Log</class>
  <method>info</method>
  <thread>18</thread>
  <message>New test added</message>
</record>
<record>
  <date>2022-06-23T07:06:17.601858800Z</date>
  <millis>1655967977601</millis>
  <nanos>858800</nanos>
  <sequence>6</sequence>
  <logger>global</logger>
  <level>INFO</level>
  <class>dev.examsmanagement.Log</class>
  <method>info</method>
  <thread>18</thread>
  <message>New test added</message>
</record>
<record>
  <date>2022-06-23T07:06:17.601858800Z</date>
  <millis>1655967977601</millis>
  <nanos>858800</nanos>
  <sequence>6</sequence>
  <logger>global</logger>
  <level>INFO</level>
  <class>dev.examsmanagement.Log</class>
  <method>info</method>
  <thread>18</thread>
  <message>New test added</message>
</record>
<record>
  <date>2022-06-23T07:06:17.601858800Z</date>
  <millis>1655967977601</millis>
  <nanos>858800</nanos>
  <sequence>6</sequence>
  <logger>global</logger>
  <level>INFO</level>
  <class>dev.examsmanagement.Log</class>
  <method>info</method>
  <thread>18</thread>
  <message>New test added</message>
</record>
<record>
  <date>2022-06-23T07:06:24.498867500Z</date>
  <millis>1655967984498</millis>
  <nanos>867500</nanos>
  <sequence>7</sequence>
  <logger>global</logger>
  <level>INFO</level>
  <class>dev.examsmanagement.Log</class>
  <method>info</method>
  <thread>18</thread>
  <message>New question added</message>
</record>
<record>
  <date>2022-06-23T07:06:24.498867500Z</date>
  <millis>1655967984498</millis>
  <nanos>867500</nanos>
  <sequence>7</sequence>
  <logger>global</logger>
  <level>INFO</level>
  <class>dev.examsmanagement.Log</class>
  <method>info</method>
  <thread>18</thread>
  <message>New question added</message>
</record>
<record>
  <date>2022-06-23T07:06:24.498867500Z</date>
  <millis>1655967984498</millis>
  <nanos>867500</nanos>
  <sequence>7</sequence>
  <logger>global</logger>
  <level>INFO</level>
  <class>dev.examsmanagement.Log</class>
  <method>info</method>
  <thread>18</thread>
  <message>New question added</message>
</record>
<record>
  <date>2022-06-23T07:06:24.498867500Z</date>
  <millis>1655967984498</millis>
  <nanos>867500</nanos>
  <sequence>7</sequence>
  <logger>global</logger>
  <level>INFO</level>
  <class>dev.examsmanagement.Log</class>
  <method>info</method>
  <thread>18</thread>
  <message>New question added</message>
</record>
<record>
  <date>2022-06-23T07:06:24.498867500Z</date>
  <millis>1655967984498</millis>
  <nanos>867500</nanos>
  <sequence>7</sequence>
  <logger>global</logger>
  <level>INFO</level>
  <class>dev.examsmanagement.Log</class>
  <method>info</method>
  <thread>18</thread>
  <message>New question added</message>
</record>
<record>
  <date>2022-06-23T07:06:24.498867500Z</date>
  <millis>1655967984498</millis>
  <nanos>867500</nanos>
  <sequence>7</sequence>
  <logger>global</logger>
  <level>INFO</level>
  <class>dev.examsmanagement.Log</class>
  <method>info</method>
  <thread>18</thread>
  <message>New question added</message>
</record>
<record>
  <date>2022-06-23T07:06:24.498867500Z</date>
  <millis>1655967984498</millis>
  <nanos>867500</nanos>
  <sequence>7</sequence>
  <logger>global</logger>
  <level>INFO</level>
  <class>dev.examsmanagement.Log</class>
  <method>info</method>
  <thread>18</thread>
  <message>New question added</message>
</record>
<record>
  <date>2022-06-23T07:06:31.639849600Z</date>
  <millis>1655967991639</millis>
  <nanos>849600</nanos>
  <sequence>8</sequence>
  <logger>global</logger>
  <level>INFO</level>
  <class>dev.examsmanagement.Log</class>
  <method>info</method>
  <thread>18</thread>
  <message>New question added</message>
</record>
<record>
  <date>2022-06-23T07:06:31.639849600Z</date>
  <millis>1655967991639</millis>
  <nanos>849600</nanos>
  <sequence>8</sequence>
  <logger>global</logger>
  <level>INFO</level>
  <class>dev.examsmanagement.Log</class>
  <method>info</method>
  <thread>18</thread>
  <message>New question added</message>
</record>
<record>
  <date>2022-06-23T07:06:31.639849600Z</date>
  <millis>1655967991639</millis>
  <nanos>849600</nanos>
  <sequence>8</sequence>
  <logger>global</logger>
  <level>INFO</level>
  <class>dev.examsmanagement.Log</class>
  <method>info</method>
  <thread>18</thread>
  <message>New question added</message>
</record>
<record>
  <date>2022-06-23T07:06:31.639849600Z</date>
  <millis>1655967991639</millis>
  <nanos>849600</nanos>
  <sequence>8</sequence>
  <logger>global</logger>
  <level>INFO</level>
  <class>dev.examsmanagement.Log</class>
  <method>info</method>
  <thread>18</thread>
  <message>New question added</message>
</record>
<record>
  <date>2022-06-23T07:06:31.639849600Z</date>
  <millis>1655967991639</millis>
  <nanos>849600</nanos>
  <sequence>8</sequence>
  <logger>global</logger>
  <level>INFO</level>
  <class>dev.examsmanagement.Log</class>
  <method>info</method>
  <thread>18</thread>
  <message>New question added</message>
</record>
<record>
  <date>2022-06-23T07:06:31.639849600Z</date>
  <millis>1655967991639</millis>
  <nanos>849600</nanos>
  <sequence>8</sequence>
  <logger>global</logger>
  <level>INFO</level>
  <class>dev.examsmanagement.Log</class>
  <method>info</method>
  <thread>18</thread>
  <message>New question added</message>
</record>
<record>
  <date>2022-06-23T07:06:31.639849600Z</date>
  <millis>1655967991639</millis>
  <nanos>849600</nanos>
  <sequence>8</sequence>
  <logger>global</logger>
  <level>INFO</level>
  <class>dev.examsmanagement.Log</class>
  <method>info</method>
  <thread>18</thread>
  <message>New question added</message>
</record>
<record>
  <date>2022-06-23T07:06:31.639849600Z</date>
  <millis>1655967991639</millis>
  <nanos>849600</nanos>
  <sequence>8</sequence>
  <logger>global</logger>
  <level>INFO</level>
  <class>dev.examsmanagement.Log</class>
  <method>info</method>
  <thread>18</thread>
  <message>New question added</message>
</record>
<record>
  <date>2022-06-23T07:08:46.182361200Z</date>
  <millis>1655968126182</millis>
  <nanos>361200</nanos>
  <sequence>10</sequence>
  <logger>global</logger>
  <level>INFO</level>
  <class>dev.examsmanagement.Log</class>
  <method>info</method>
  <thread>18</thread>
  <message>Wrong Credentials or Database Error</message>
</record>
<record>
  <date>2022-06-23T07:08:46.182361200Z</date>
  <millis>1655968126182</millis>
  <nanos>361200</nanos>
  <sequence>10</sequence>
  <logger>global</logger>
  <level>INFO</level>
  <class>dev.examsmanagement.Log</class>
  <method>info</method>
  <thread>18</thread>
  <message>Wrong Credentials or Database Error</message>
</record>
<record>
  <date>2022-06-23T07:08:46.182361200Z</date>
  <millis>1655968126182</millis>
  <nanos>361200</nanos>
  <sequence>10</sequence>
  <logger>global</logger>
  <level>INFO</level>
  <class>dev.examsmanagement.Log</class>
  <method>info</method>
  <thread>18</thread>
  <message>Wrong Credentials or Database Error</message>
</record>
<record>
  <date>2022-06-23T07:08:46.182361200Z</date>
  <millis>1655968126182</millis>
  <nanos>361200</nanos>
  <sequence>10</sequence>
  <logger>global</logger>
  <level>INFO</level>
  <class>dev.examsmanagement.Log</class>
  <method>info</method>
  <thread>18</thread>
  <message>Wrong Credentials or Database Error</message>
</record>
<record>
  <date>2022-06-23T07:08:46.182361200Z</date>
  <millis>1655968126182</millis>
  <nanos>361200</nanos>
  <sequence>10</sequence>
  <logger>global</logger>
  <level>INFO</level>
  <class>dev.examsmanagement.Log</class>
  <method>info</method>
  <thread>18</thread>
  <message>Wrong Credentials or Database Error</message>
</record>
<record>
  <date>2022-06-23T07:08:46.182361200Z</date>
  <millis>1655968126182</millis>
  <nanos>361200</nanos>
  <sequence>10</sequence>
  <logger>global</logger>
  <level>INFO</level>
  <class>dev.examsmanagement.Log</class>
  <method>info</method>
  <thread>18</thread>
  <message>Wrong Credentials or Database Error</message>
</record>
<record>
  <date>2022-06-23T07:08:46.182361200Z</date>
  <millis>1655968126182</millis>
  <nanos>361200</nanos>
  <sequence>10</sequence>
  <logger>global</logger>
  <level>INFO</level>
  <class>dev.examsmanagement.Log</class>
  <method>info</method>
  <thread>18</thread>
  <message>Wrong Credentials or Database Error</message>
</record>
<record>
  <date>2022-06-23T07:08:46.182361200Z</date>
  <millis>1655968126182</millis>
  <nanos>361200</nanos>
  <sequence>10</sequence>
  <logger>global</logger>
  <level>INFO</level>
  <class>dev.examsmanagement.Log</class>
  <method>info</method>
  <thread>18</thread>
  <message>Wrong Credentials or Database Error</message>
</record>
<record>
  <date>2022-06-23T07:08:46.182361200Z</date>
  <millis>1655968126182</millis>
  <nanos>361200</nanos>
  <sequence>10</sequence>
  <logger>global</logger>
  <level>INFO</level>
  <class>dev.examsmanagement.Log</class>
  <method>info</method>
  <thread>18</thread>
  <message>Wrong Credentials or Database Error</message>
</record>
<record>
  <date>2022-06-23T07:09:10.258127200Z</date>
  <millis>1655968150258</millis>
  <nanos>127200</nanos>
  <sequence>11</sequence>
  <logger>global</logger>
  <level>INFO</level>
  <class>dev.examsmanagement.Log</class>
  <method>info</method>
  <thread>18</thread>
  <message>Closing Database Connection</message>
</record>
<record>
  <date>2022-06-23T07:09:10.258127200Z</date>
  <millis>1655968150258</millis>
  <nanos>127200</nanos>
  <sequence>11</sequence>
  <logger>global</logger>
  <level>INFO</level>
  <class>dev.examsmanagement.Log</class>
  <method>info</method>
  <thread>18</thread>
  <message>Closing Database Connection</message>
</record>
<record>
  <date>2022-06-23T07:09:10.258127200Z</date>
  <millis>1655968150258</millis>
  <nanos>127200</nanos>
  <sequence>11</sequence>
  <logger>global</logger>
  <level>INFO</level>
  <class>dev.examsmanagement.Log</class>
  <method>info</method>
  <thread>18</thread>
  <message>Closing Database Connection</message>
</record>
<record>
  <date>2022-06-23T07:09:10.258127200Z</date>
  <millis>1655968150258</millis>
  <nanos>127200</nanos>
  <sequence>11</sequence>
  <logger>global</logger>
  <level>INFO</level>
  <class>dev.examsmanagement.Log</class>
  <method>info</method>
  <thread>18</thread>
  <message>Closing Database Connection</message>
</record>
<record>
  <date>2022-06-23T07:09:10.258127200Z</date>
  <millis>1655968150258</millis>
  <nanos>127200</nanos>
  <sequence>11</sequence>
  <logger>global</logger>
  <level>INFO</level>
  <class>dev.examsmanagement.Log</class>
  <method>info</method>
  <thread>18</thread>
  <message>Closing Database Connection</message>
</record>
<record>
  <date>2022-06-23T07:09:10.258127200Z</date>
  <millis>1655968150258</millis>
  <nanos>127200</nanos>
  <sequence>11</sequence>
  <logger>global</logger>
  <level>INFO</level>
  <class>dev.examsmanagement.Log</class>
  <method>info</method>
  <thread>18</thread>
  <message>Closing Database Connection</message>
</record>
<record>
  <date>2022-06-23T07:09:10.258127200Z</date>
  <millis>1655968150258</millis>
  <nanos>127200</nanos>
  <sequence>11</sequence>
  <logger>global</logger>
  <level>INFO</level>
  <class>dev.examsmanagement.Log</class>
  <method>info</method>
  <thread>18</thread>
  <message>Closing Database Connection</message>
</record>
<record>
  <date>2022-06-23T07:09:10.258127200Z</date>
  <millis>1655968150258</millis>
  <nanos>127200</nanos>
  <sequence>11</sequence>
  <logger>global</logger>
  <level>INFO</level>
  <class>dev.examsmanagement.Log</class>
  <method>info</method>
  <thread>18</thread>
  <message>Closing Database Connection</message>
</record>
<record>
  <date>2022-06-23T07:09:10.258127200Z</date>
  <millis>1655968150258</millis>
  <nanos>127200</nanos>
  <sequence>11</sequence>
  <logger>global</logger>
  <level>INFO</level>
  <class>dev.examsmanagement.Log</class>
  <method>info</method>
  <thread>18</thread>
  <message>Closing Database Connection</message>
</record>
<record>
  <date>2022-06-23T07:09:10.258127200Z</date>
  <millis>1655968150258</millis>
  <nanos>127200</nanos>
  <sequence>11</sequence>
  <logger>global</logger>
  <level>INFO</level>
  <class>dev.examsmanagement.Log</class>
  <method>info</method>
  <thread>18</thread>
  <message>Closing Database Connection</message>
</record>
</log>
